<?xml version="1.0" encoding="UTF-8"?>
<!-- Generated by org.testng.reporters.JUnitXMLReporter -->
<testsuite ignored="0" hostname="DESKTOP-EKK3AOD" failures="2" tests="19" name="Test" time="18.386" errors="0" timestamp="2022-05-16T16:50:02 IST">
  <testcase classname="GKV.SeleniumMaven.sampleTestNG" name="sampleTest1" time="1.444"/>
  <testcase classname="GKV.SeleniumMaven.sampleTestNG" name="sampleTest2" time="3.658"/>
  <testcase classname="GKV.SeleniumMaven.sampleTestNG" name="checkSoftAssert" time="0.753">
    <failure type="java.lang.AssertionError" message="The following asserts failed:
	expected [DT] but found [AB],
	did not expect [rt] but found [rt],
	This is error message that should display expected [This was expected] but found [This actual that is displayed on website]">
      <![CDATA[java.lang.AssertionError: The following asserts failed:
expected [DT] but found [AB],
did not expect [rt] but found [rt],
This is error message that should display expected [This was expected] but found [This actual that is displayed on website]
at GKV.SeleniumMaven.sampleTestNG.checkSoftAssert(sampleTestNG.java:75)
at java.base/java.util.ArrayList.forEach(ArrayList.java:1511)
... Removed 29 stack frames]]>
    </failure>
  </testcase> <!-- checkSoftAssert -->
  <testcase classname="GKV.SeleniumMaven.sampleTestNG" name="checkAssert" time="1.035"/>
  <testcase classname="GKV.SeleniumMaven.sampleTestNG" name="sampleSkipTestCase" time="0.001">
    <skipped/>
  </testcase> <!-- sampleSkipTestCase -->
  <testcase classname="GKV.SeleniumMaven.sampleTestNG" name="sampleCheckDependsOn" time="0.001"/>
  <testcase classname="GKV.SeleniumMaven.sampleTestNG" name="sampleIContext" time="0.001"/>
  <testcase classname="GKV.SeleniumMaven.sampleTestNG" name="sampleIContext2" time="0.001"/>
  <testcase classname="GKV.SeleniumMaven.sampleTestNG" name="sampleIContext3" time="0.001"/>
  <testcase classname="GKV.SeleniumMaven.sampleTestNG2" name="sampleTest1" time="1.634"/>
  <testcase classname="GKV.SeleniumMaven.sampleTestNG2" name="sampleTest2" time="3.641"/>
  <testcase classname="GKV.SeleniumMaven.sampleTestNG2" name="checkSoftAssert" time="0.675">
    <failure type="java.lang.AssertionError" message="The following asserts failed:
	expected [DT] but found [AB],
	did not expect [rt] but found [rt],
	This is error message that should display expected [This was expected] but found [This actual that is displayed on website]">
      <![CDATA[java.lang.AssertionError: The following asserts failed:
expected [DT] but found [AB],
did not expect [rt] but found [rt],
This is error message that should display expected [This was expected] but found [This actual that is displayed on website]
at GKV.SeleniumMaven.sampleTestNG2.checkSoftAssert(sampleTestNG2.java:76)
at java.base/java.util.ArrayList.forEach(ArrayList.java:1511)
... Removed 29 stack frames]]>
    </failure>
  </testcase> <!-- checkSoftAssert -->
  <testcase classname="GKV.SeleniumMaven.sampleTestNG2" name="checkAssert" time="1.087"/>
  <testcase classname="GKV.SeleniumMaven.sampleTestNG2" name="checkAssert" time="1.048"/>
  <testcase classname="GKV.SeleniumMaven.sampleTestNG2" name="sampleSkipTestCase" time="0.001">
    <skipped/>
  </testcase> <!-- sampleSkipTestCase -->
  <testcase classname="GKV.SeleniumMaven.sampleTestNG2" name="sampleCheckDependsOn" time="0.0"/>
  <testcase classname="GKV.SeleniumMaven.sampleTestNG2" name="sampleIContext" time="0.001"/>
  <testcase classname="GKV.SeleniumMaven.sampleTestNG2" name="sampleIContext2" time="0.0"/>
  <testcase classname="GKV.SeleniumMaven.sampleTestNG2" name="sampleIContext3" time="0.0"/>
</testsuite> <!-- Test -->
