<html>
<head>
<title>TestNG:  Test</title>
<link href="../testng.css" rel="stylesheet" type="text/css" />
<link href="../my-testng.css" rel="stylesheet" type="text/css" />

<style type="text/css">
.log { display: none;} 
.stack-trace { display: none;} 
</style>
<script type="text/javascript">
<!--
function flip(e) {
  current = e.style.display;
  if (current == 'block') {
    e.style.display = 'none';
    return 0;
  }
  else {
    e.style.display = 'block';
    return 1;
  }
}

function toggleBox(szDivId, elem, msg1, msg2)
{
  var res = -1;  if (document.getElementById) {
    res = flip(document.getElementById(szDivId));
  }
  else if (document.all) {
    // this is the way old msie versions work
    res = flip(document.all[szDivId]);
  }
  if(elem) {
    if(res == 0) elem.innerHTML = msg1; else elem.innerHTML = msg2;
  }

}

function toggleAllBoxes() {
  if (document.getElementsByTagName) {
    d = document.getElementsByTagName('div');
    for (i = 0; i < d.length; i++) {
      if (d[i].className == 'log') {
        flip(d[i]);
      }
    }
  }
}

// -->
</script>

</head>
<body>
<h2 align='center'>Test</h2><table border='1' align="center">
<tr>
<td>Tests passed/Failed/Skipped:</td><td>15/2/2</td>
</tr><tr>
<td>Started on:</td><td>Mon May 16 16:49:44 IST 2022</td>
</tr>
<tr><td>Total time:</td><td>18 seconds (18386 ms)</td>
</tr><tr>
<td>Included groups:</td><td></td>
</tr><tr>
<td>Excluded groups:</td><td></td>
</tr>
</table><p/>
<small><i>(Hover the method name to see the test class name)</i></small><p/>
<table width='100%' border='1' class='invocation-failed'>
<tr><td colspan='4' align='center'><b>FAILED TESTS</b></td></tr>
<tr><td><b>Test method</b></td>
<td width="30%"><b>Exception</b></td>
<td width="10%"><b>Time (seconds)</b></td>
<td><b>Instance</b></td>
</tr>
<tr>
<td title='GKV.SeleniumMaven.sampleTestNG.checkSoftAssert()'><b>checkSoftAssert</b><br>Test class: GKV.SeleniumMaven.sampleTestNG<br>Test method: Test to check softassersion</td>
<td><div><pre>java.lang.AssertionError: The following asserts failed:
	expected [DT] but found [AB],
	did not expect [rt] but found [rt],
	This is error message that should display expected [This was expected] but found [This actual that is displayed on website]
	at GKV.SeleniumMaven.sampleTestNG.checkSoftAssert(sampleTestNG.java:75)
	at java.base/java.util.ArrayList.forEach(ArrayList.java:1511)
... Removed 29 stack frames</pre></div><a href='#' onClick='toggleBox("stack-trace609438896", this, "Click to show all stack frames", "Click to hide stack frames")'>Click to show all stack frames</a>
<div class='stack-trace' id='stack-trace609438896'><pre>java.lang.AssertionError: The following asserts failed:
	expected [DT] but found [AB],
	did not expect [rt] but found [rt],
	This is error message that should display expected [This was expected] but found [This actual that is displayed on website]
	at org.testng.asserts.SoftAssert.assertAll(SoftAssert.java:46)
	at org.testng.asserts.SoftAssert.assertAll(SoftAssert.java:30)
	at GKV.SeleniumMaven.sampleTestNG.checkSoftAssert(sampleTestNG.java:75)
	at java.base/jdk.internal.reflect.NativeMethodAccessorImpl.invoke0(Native Method)
	at java.base/jdk.internal.reflect.NativeMethodAccessorImpl.invoke(NativeMethodAccessorImpl.java:77)
	at java.base/jdk.internal.reflect.DelegatingMethodAccessorImpl.invoke(DelegatingMethodAccessorImpl.java:43)
	at java.base/java.lang.reflect.Method.invoke(Method.java:568)
	at org.testng.internal.invokers.MethodInvocationHelper.invokeMethod(MethodInvocationHelper.java:135)
	at org.testng.internal.invokers.TestInvoker.invokeMethod(TestInvoker.java:673)
	at org.testng.internal.invokers.TestInvoker.invokeTestMethod(TestInvoker.java:220)
	at org.testng.internal.invokers.MethodRunner.runInSequence(MethodRunner.java:50)
	at org.testng.internal.invokers.TestInvoker$MethodInvocationAgent.invoke(TestInvoker.java:945)
	at org.testng.internal.invokers.TestInvoker.invokeTestMethods(TestInvoker.java:193)
	at org.testng.internal.invokers.TestMethodWorker.invokeTestMethods(TestMethodWorker.java:146)
	at org.testng.internal.invokers.TestMethodWorker.run(TestMethodWorker.java:128)
	at java.base/java.util.ArrayList.forEach(ArrayList.java:1511)
	at org.testng.TestRunner.privateRun(TestRunner.java:808)
	at org.testng.TestRunner.run(TestRunner.java:603)
	at org.testng.SuiteRunner.runTest(SuiteRunner.java:429)
	at org.testng.SuiteRunner.runSequentially(SuiteRunner.java:423)
	at org.testng.SuiteRunner.privateRun(SuiteRunner.java:383)
	at org.testng.SuiteRunner.run(SuiteRunner.java:326)
	at org.testng.SuiteRunnerWorker.runSuite(SuiteRunnerWorker.java:52)
	at org.testng.SuiteRunnerWorker.run(SuiteRunnerWorker.java:95)
	at org.testng.TestNG.runSuitesSequentially(TestNG.java:1249)
	at org.testng.TestNG.runSuitesLocally(TestNG.java:1169)
	at org.testng.TestNG.runSuites(TestNG.java:1092)
	at org.testng.TestNG.run(TestNG.java:1060)
	at org.testng.remote.AbstractRemoteTestNG.run(AbstractRemoteTestNG.java:115)
	at org.testng.remote.RemoteTestNG.initAndRun(RemoteTestNG.java:251)
	at org.testng.remote.RemoteTestNG.main(RemoteTestNG.java:77)
</pre></div></td>
<td>0</td>
<td>GKV.SeleniumMaven.sampleTestNG@70e9c95d</td></tr>
<tr>
<td title='GKV.SeleniumMaven.sampleTestNG2.checkSoftAssert()'><b>checkSoftAssert</b><br>Test class: GKV.SeleniumMaven.sampleTestNG2<br>Test method: Test to check softassersion</td>
<td><div><pre>java.lang.AssertionError: The following asserts failed:
	expected [DT] but found [AB],
	did not expect [rt] but found [rt],
	This is error message that should display expected [This was expected] but found [This actual that is displayed on website]
	at GKV.SeleniumMaven.sampleTestNG2.checkSoftAssert(sampleTestNG2.java:76)
	at java.base/java.util.ArrayList.forEach(ArrayList.java:1511)
... Removed 29 stack frames</pre></div><a href='#' onClick='toggleBox("stack-trace18928637", this, "Click to show all stack frames", "Click to hide stack frames")'>Click to show all stack frames</a>
<div class='stack-trace' id='stack-trace18928637'><pre>java.lang.AssertionError: The following asserts failed:
	expected [DT] but found [AB],
	did not expect [rt] but found [rt],
	This is error message that should display expected [This was expected] but found [This actual that is displayed on website]
	at org.testng.asserts.SoftAssert.assertAll(SoftAssert.java:46)
	at org.testng.asserts.SoftAssert.assertAll(SoftAssert.java:30)
	at GKV.SeleniumMaven.sampleTestNG2.checkSoftAssert(sampleTestNG2.java:76)
	at java.base/jdk.internal.reflect.NativeMethodAccessorImpl.invoke0(Native Method)
	at java.base/jdk.internal.reflect.NativeMethodAccessorImpl.invoke(NativeMethodAccessorImpl.java:77)
	at java.base/jdk.internal.reflect.DelegatingMethodAccessorImpl.invoke(DelegatingMethodAccessorImpl.java:43)
	at java.base/java.lang.reflect.Method.invoke(Method.java:568)
	at org.testng.internal.invokers.MethodInvocationHelper.invokeMethod(MethodInvocationHelper.java:135)
	at org.testng.internal.invokers.TestInvoker.invokeMethod(TestInvoker.java:673)
	at org.testng.internal.invokers.TestInvoker.invokeTestMethod(TestInvoker.java:220)
	at org.testng.internal.invokers.MethodRunner.runInSequence(MethodRunner.java:50)
	at org.testng.internal.invokers.TestInvoker$MethodInvocationAgent.invoke(TestInvoker.java:945)
	at org.testng.internal.invokers.TestInvoker.invokeTestMethods(TestInvoker.java:193)
	at org.testng.internal.invokers.TestMethodWorker.invokeTestMethods(TestMethodWorker.java:146)
	at org.testng.internal.invokers.TestMethodWorker.run(TestMethodWorker.java:128)
	at java.base/java.util.ArrayList.forEach(ArrayList.java:1511)
	at org.testng.TestRunner.privateRun(TestRunner.java:808)
	at org.testng.TestRunner.run(TestRunner.java:603)
	at org.testng.SuiteRunner.runTest(SuiteRunner.java:429)
	at org.testng.SuiteRunner.runSequentially(SuiteRunner.java:423)
	at org.testng.SuiteRunner.privateRun(SuiteRunner.java:383)
	at org.testng.SuiteRunner.run(SuiteRunner.java:326)
	at org.testng.SuiteRunnerWorker.runSuite(SuiteRunnerWorker.java:52)
	at org.testng.SuiteRunnerWorker.run(SuiteRunnerWorker.java:95)
	at org.testng.TestNG.runSuitesSequentially(TestNG.java:1249)
	at org.testng.TestNG.runSuitesLocally(TestNG.java:1169)
	at org.testng.TestNG.runSuites(TestNG.java:1092)
	at org.testng.TestNG.run(TestNG.java:1060)
	at org.testng.remote.AbstractRemoteTestNG.run(AbstractRemoteTestNG.java:115)
	at org.testng.remote.RemoteTestNG.initAndRun(RemoteTestNG.java:251)
	at org.testng.remote.RemoteTestNG.main(RemoteTestNG.java:77)
</pre></div></td>
<td>0</td>
<td>GKV.SeleniumMaven.sampleTestNG2@4a883b15</td></tr>
</table><p>
<table width='100%' border='1' class='invocation-passed'>
<tr><td colspan='4' align='center'><b>PASSED TESTS</b></td></tr>
<tr><td><b>Test method</b></td>
<td width="30%"><b>Exception</b></td>
<td width="10%"><b>Time (seconds)</b></td>
<td><b>Instance</b></td>
</tr>
<tr>
<td title='GKV.SeleniumMaven.sampleTestNG.sampleTest2()'><b>sampleTest2</b><br>Test class: GKV.SeleniumMaven.sampleTestNG<br>Test method: This is a description for sampleTest2</td>
<td></td>
<td>3</td>
<td>GKV.SeleniumMaven.sampleTestNG@70e9c95d</td></tr>
<tr>
<td title='GKV.SeleniumMaven.sampleTestNG2.checkAssert()'><b>checkAssert</b><br>Test class: GKV.SeleniumMaven.sampleTestNG2<br>Parameters: https://www.yahoo.com/, Chrome</td>
<td></td>
<td>1</td>
<td>GKV.SeleniumMaven.sampleTestNG2@4a883b15</td></tr>
<tr>
<td title='GKV.SeleniumMaven.sampleTestNG2.sampleCheckDependsOn()'><b>sampleCheckDependsOn</b><br>Test class: GKV.SeleniumMaven.sampleTestNG2</td>
<td></td>
<td>0</td>
<td>GKV.SeleniumMaven.sampleTestNG2@4a883b15</td></tr>
<tr>
<td title='GKV.SeleniumMaven.sampleTestNG.sampleCheckDependsOn()'><b>sampleCheckDependsOn</b><br>Test class: GKV.SeleniumMaven.sampleTestNG</td>
<td></td>
<td>0</td>
<td>GKV.SeleniumMaven.sampleTestNG@70e9c95d</td></tr>
<tr>
<td title='GKV.SeleniumMaven.sampleTestNG2.sampleTest2()'><b>sampleTest2</b><br>Test class: GKV.SeleniumMaven.sampleTestNG2<br>Test method: This is a description for sampleTest2</td>
<td></td>
<td>3</td>
<td>GKV.SeleniumMaven.sampleTestNG2@4a883b15</td></tr>
<tr>
<td title='GKV.SeleniumMaven.sampleTestNG.sampleIContext()'><b>sampleIContext</b><br>Test class: GKV.SeleniumMaven.sampleTestNG<br>Parameters: org.testng.TestRunner@18f55704</td>
<td></td>
<td>0</td>
<td>GKV.SeleniumMaven.sampleTestNG@70e9c95d</td></tr>
<tr>
<td title='GKV.SeleniumMaven.sampleTestNG2.sampleTest1()'><b>sampleTest1</b><br>Test class: GKV.SeleniumMaven.sampleTestNG2</td>
<td></td>
<td>1</td>
<td>GKV.SeleniumMaven.sampleTestNG2@4a883b15</td></tr>
<tr>
<td title='GKV.SeleniumMaven.sampleTestNG.checkAssert()'><b>checkAssert</b><br>Test class: GKV.SeleniumMaven.sampleTestNG</td>
<td></td>
<td>1</td>
<td>GKV.SeleniumMaven.sampleTestNG@70e9c95d</td></tr>
<tr>
<td title='GKV.SeleniumMaven.sampleTestNG2.sampleIContext()'><b>sampleIContext</b><br>Test class: GKV.SeleniumMaven.sampleTestNG2<br>Parameters: org.testng.TestRunner@18f55704</td>
<td></td>
<td>0</td>
<td>GKV.SeleniumMaven.sampleTestNG2@4a883b15</td></tr>
<tr>
<td title='GKV.SeleniumMaven.sampleTestNG.sampleIContext2()'><b>sampleIContext2</b><br>Test class: GKV.SeleniumMaven.sampleTestNG<br>Parameters: org.testng.TestRunner@18f55704</td>
<td></td>
<td>0</td>
<td>GKV.SeleniumMaven.sampleTestNG@70e9c95d</td></tr>
<tr>
<td title='GKV.SeleniumMaven.sampleTestNG.sampleTest1()'><b>sampleTest1</b><br>Test class: GKV.SeleniumMaven.sampleTestNG</td>
<td></td>
<td>1</td>
<td>GKV.SeleniumMaven.sampleTestNG@70e9c95d</td></tr>
<tr>
<td title='GKV.SeleniumMaven.sampleTestNG.sampleIContext3()'><b>sampleIContext3</b><br>Test class: GKV.SeleniumMaven.sampleTestNG<br>Parameters: org.testng.TestRunner@18f55704</td>
<td></td>
<td>0</td>
<td>GKV.SeleniumMaven.sampleTestNG@70e9c95d</td></tr>
<tr>
<td title='GKV.SeleniumMaven.sampleTestNG2.checkAssert()'><b>checkAssert</b><br>Test class: GKV.SeleniumMaven.sampleTestNG2<br>Parameters: https://www.google.com/, Chrome</td>
<td></td>
<td>1</td>
<td>GKV.SeleniumMaven.sampleTestNG2@4a883b15</td></tr>
<tr>
<td title='GKV.SeleniumMaven.sampleTestNG2.sampleIContext2()'><b>sampleIContext2</b><br>Test class: GKV.SeleniumMaven.sampleTestNG2<br>Parameters: org.testng.TestRunner@18f55704</td>
<td></td>
<td>0</td>
<td>GKV.SeleniumMaven.sampleTestNG2@4a883b15</td></tr>
<tr>
<td title='GKV.SeleniumMaven.sampleTestNG2.sampleIContext3()'><b>sampleIContext3</b><br>Test class: GKV.SeleniumMaven.sampleTestNG2<br>Parameters: org.testng.TestRunner@18f55704</td>
<td></td>
<td>0</td>
<td>GKV.SeleniumMaven.sampleTestNG2@4a883b15</td></tr>
</table><p>
<table width='100%' border='1' class='invocation-skipped'>
<tr><td colspan='4' align='center'><b>SKIPPED TESTS</b></td></tr>
<tr><td><b>Test method</b></td>
<td width="30%"><b>Exception</b></td>
<td width="10%"><b>Time (seconds)</b></td>
<td><b>Instance</b></td>
</tr>
<tr>
<td title='GKV.SeleniumMaven.sampleTestNG.sampleSkipTestCase()'><b>sampleSkipTestCase</b><br>Test class: GKV.SeleniumMaven.sampleTestNG</td>
<td><div><pre>org.testng.SkipException: this test was skipped on pupose
	at GKV.SeleniumMaven.sampleTestNG.sampleSkipTestCase(sampleTestNG.java:82)
	at java.base/java.util.ArrayList.forEach(ArrayList.java:1511)
... Removed 27 stack frames</pre></div><a href='#' onClick='toggleBox("stack-trace1138779634", this, "Click to show all stack frames", "Click to hide stack frames")'>Click to show all stack frames</a>
<div class='stack-trace' id='stack-trace1138779634'><pre>org.testng.SkipException: this test was skipped on pupose
	at GKV.SeleniumMaven.sampleTestNG.sampleSkipTestCase(sampleTestNG.java:82)
	at java.base/jdk.internal.reflect.NativeMethodAccessorImpl.invoke0(Native Method)
	at java.base/jdk.internal.reflect.NativeMethodAccessorImpl.invoke(NativeMethodAccessorImpl.java:77)
	at java.base/jdk.internal.reflect.DelegatingMethodAccessorImpl.invoke(DelegatingMethodAccessorImpl.java:43)
	at java.base/java.lang.reflect.Method.invoke(Method.java:568)
	at org.testng.internal.invokers.MethodInvocationHelper.invokeMethod(MethodInvocationHelper.java:135)
	at org.testng.internal.invokers.TestInvoker.invokeMethod(TestInvoker.java:673)
	at org.testng.internal.invokers.TestInvoker.invokeTestMethod(TestInvoker.java:220)
	at org.testng.internal.invokers.MethodRunner.runInSequence(MethodRunner.java:50)
	at org.testng.internal.invokers.TestInvoker$MethodInvocationAgent.invoke(TestInvoker.java:945)
	at org.testng.internal.invokers.TestInvoker.invokeTestMethods(TestInvoker.java:193)
	at org.testng.internal.invokers.TestMethodWorker.invokeTestMethods(TestMethodWorker.java:146)
	at org.testng.internal.invokers.TestMethodWorker.run(TestMethodWorker.java:128)
	at java.base/java.util.ArrayList.forEach(ArrayList.java:1511)
	at org.testng.TestRunner.privateRun(TestRunner.java:808)
	at org.testng.TestRunner.run(TestRunner.java:603)
	at org.testng.SuiteRunner.runTest(SuiteRunner.java:429)
	at org.testng.SuiteRunner.runSequentially(SuiteRunner.java:423)
	at org.testng.SuiteRunner.privateRun(SuiteRunner.java:383)
	at org.testng.SuiteRunner.run(SuiteRunner.java:326)
	at org.testng.SuiteRunnerWorker.runSuite(SuiteRunnerWorker.java:52)
	at org.testng.SuiteRunnerWorker.run(SuiteRunnerWorker.java:95)
	at org.testng.TestNG.runSuitesSequentially(TestNG.java:1249)
	at org.testng.TestNG.runSuitesLocally(TestNG.java:1169)
	at org.testng.TestNG.runSuites(TestNG.java:1092)
	at org.testng.TestNG.run(TestNG.java:1060)
	at org.testng.remote.AbstractRemoteTestNG.run(AbstractRemoteTestNG.java:115)
	at org.testng.remote.RemoteTestNG.initAndRun(RemoteTestNG.java:251)
	at org.testng.remote.RemoteTestNG.main(RemoteTestNG.java:77)
</pre></div></td>
<td>0</td>
<td>GKV.SeleniumMaven.sampleTestNG@70e9c95d</td></tr>
<tr>
<td title='GKV.SeleniumMaven.sampleTestNG2.sampleSkipTestCase()'><b>sampleSkipTestCase</b><br>Test class: GKV.SeleniumMaven.sampleTestNG2</td>
<td><div><pre>org.testng.SkipException: =====this test was skipped on pupose=====
	at GKV.SeleniumMaven.sampleTestNG2.sampleSkipTestCase(sampleTestNG2.java:83)
	at java.base/java.util.ArrayList.forEach(ArrayList.java:1511)
... Removed 27 stack frames</pre></div><a href='#' onClick='toggleBox("stack-trace430119837", this, "Click to show all stack frames", "Click to hide stack frames")'>Click to show all stack frames</a>
<div class='stack-trace' id='stack-trace430119837'><pre>org.testng.SkipException: =====this test was skipped on pupose=====
	at GKV.SeleniumMaven.sampleTestNG2.sampleSkipTestCase(sampleTestNG2.java:83)
	at java.base/jdk.internal.reflect.NativeMethodAccessorImpl.invoke0(Native Method)
	at java.base/jdk.internal.reflect.NativeMethodAccessorImpl.invoke(NativeMethodAccessorImpl.java:77)
	at java.base/jdk.internal.reflect.DelegatingMethodAccessorImpl.invoke(DelegatingMethodAccessorImpl.java:43)
	at java.base/java.lang.reflect.Method.invoke(Method.java:568)
	at org.testng.internal.invokers.MethodInvocationHelper.invokeMethod(MethodInvocationHelper.java:135)
	at org.testng.internal.invokers.TestInvoker.invokeMethod(TestInvoker.java:673)
	at org.testng.internal.invokers.TestInvoker.invokeTestMethod(TestInvoker.java:220)
	at org.testng.internal.invokers.MethodRunner.runInSequence(MethodRunner.java:50)
	at org.testng.internal.invokers.TestInvoker$MethodInvocationAgent.invoke(TestInvoker.java:945)
	at org.testng.internal.invokers.TestInvoker.invokeTestMethods(TestInvoker.java:193)
	at org.testng.internal.invokers.TestMethodWorker.invokeTestMethods(TestMethodWorker.java:146)
	at org.testng.internal.invokers.TestMethodWorker.run(TestMethodWorker.java:128)
	at java.base/java.util.ArrayList.forEach(ArrayList.java:1511)
	at org.testng.TestRunner.privateRun(TestRunner.java:808)
	at org.testng.TestRunner.run(TestRunner.java:603)
	at org.testng.SuiteRunner.runTest(SuiteRunner.java:429)
	at org.testng.SuiteRunner.runSequentially(SuiteRunner.java:423)
	at org.testng.SuiteRunner.privateRun(SuiteRunner.java:383)
	at org.testng.SuiteRunner.run(SuiteRunner.java:326)
	at org.testng.SuiteRunnerWorker.runSuite(SuiteRunnerWorker.java:52)
	at org.testng.SuiteRunnerWorker.run(SuiteRunnerWorker.java:95)
	at org.testng.TestNG.runSuitesSequentially(TestNG.java:1249)
	at org.testng.TestNG.runSuitesLocally(TestNG.java:1169)
	at org.testng.TestNG.runSuites(TestNG.java:1092)
	at org.testng.TestNG.run(TestNG.java:1060)
	at org.testng.remote.AbstractRemoteTestNG.run(AbstractRemoteTestNG.java:115)
	at org.testng.remote.RemoteTestNG.initAndRun(RemoteTestNG.java:251)
	at org.testng.remote.RemoteTestNG.main(RemoteTestNG.java:77)
</pre></div></td>
<td>0</td>
<td>GKV.SeleniumMaven.sampleTestNG2@4a883b15</td></tr>
</table><p>
</body>
</html>