<?xml version="1.0" encoding="UTF-8"?>
<!-- Generated by org.testng.reporters.JUnitReportReporter -->
<testsuite hostname="DESKTOP-EKK3AOD" failures="1" tests="9" name="GKV.SeleniumMaven.sampleTestNG" time="7.454" errors="0" timestamp="2022-05-16T20:07:28 IST" skipped="1">
  <testcase classname="GKV.SeleniumMaven.sampleTestNG" name="sampleTest1" time="1.704"/>
  <system-out/>
  <testcase classname="GKV.SeleniumMaven.sampleTestNG" name="sampleTest2" time="3.742"/>
  <system-out/>
  <testcase classname="GKV.SeleniumMaven.sampleTestNG" name="checkSoftAssert" time="0.897">
    <failure message="The following asserts failed:
	expected [DT] but found [AB],
	did not expect [rt] but found [rt],
	This is error message that should display expected [This was expected] but found [This actual that is displayed on website]" type="java.lang.AssertionError">
      <![CDATA[java.lang.AssertionError: The following asserts failed:
expected [DT] but found [AB],
did not expect [rt] but found [rt],
This is error message that should display expected [This was expected] but found [This actual that is displayed on website]
at org.testng.asserts.SoftAssert.assertAll(SoftAssert.java:46)
at org.testng.asserts.SoftAssert.assertAll(SoftAssert.java:30)
at GKV.SeleniumMaven.sampleTestNG.checkSoftAssert(sampleTestNG.java:78)
at java.base/jdk.internal.reflect.NativeMethodAccessorImpl.invoke0(Native Method)
at java.base/jdk.internal.reflect.NativeMethodAccessorImpl.invoke(NativeMethodAccessorImpl.java:77)
at java.base/jdk.internal.reflect.DelegatingMethodAccessorImpl.invoke(DelegatingMethodAccessorImpl.java:43)
at java.base/java.lang.reflect.Method.invoke(Method.java:568)
at org.testng.internal.invokers.MethodInvocationHelper.invokeMethod(MethodInvocationHelper.java:135)
at org.testng.internal.invokers.TestInvoker.invokeMethod(TestInvoker.java:673)
at org.testng.internal.invokers.TestInvoker.invokeTestMethod(TestInvoker.java:220)
at org.testng.internal.invokers.MethodRunner.runInSequence(MethodRunner.java:50)
at org.testng.internal.invokers.TestInvoker$MethodInvocationAgent.invoke(TestInvoker.java:945)
at org.testng.internal.invokers.TestInvoker.invokeTestMethods(TestInvoker.java:193)
at org.testng.internal.invokers.TestMethodWorker.invokeTestMethods(TestMethodWorker.java:146)
at org.testng.internal.invokers.TestMethodWorker.run(TestMethodWorker.java:128)
at java.base/java.util.ArrayList.forEach(ArrayList.java:1511)
at org.testng.TestRunner.privateRun(TestRunner.java:808)
at org.testng.TestRunner.run(TestRunner.java:603)
at org.testng.SuiteRunner.runTest(SuiteRunner.java:429)
at org.testng.SuiteRunner.runSequentially(SuiteRunner.java:423)
at org.testng.SuiteRunner.privateRun(SuiteRunner.java:383)
at org.testng.SuiteRunner.run(SuiteRunner.java:326)
at org.testng.SuiteRunnerWorker.runSuite(SuiteRunnerWorker.java:52)
at org.testng.SuiteRunnerWorker.run(SuiteRunnerWorker.java:95)
at org.testng.TestNG.runSuitesSequentially(TestNG.java:1249)
at org.testng.TestNG.runSuitesLocally(TestNG.java:1169)
at org.testng.TestNG.runSuites(TestNG.java:1092)
at org.testng.TestNG.run(TestNG.java:1060)
at org.testng.remote.AbstractRemoteTestNG.run(AbstractRemoteTestNG.java:115)
at org.testng.remote.RemoteTestNG.initAndRun(RemoteTestNG.java:251)
at org.testng.remote.RemoteTestNG.main(RemoteTestNG.java:77)
]]>
    </failure>
  </testcase> <!-- checkSoftAssert -->
  <system-out/>
  <testcase classname="GKV.SeleniumMaven.sampleTestNG" name="checkAssert" time="1.101"/>
  <system-out/>
  <testcase classname="GKV.SeleniumMaven.sampleTestNG" name="sampleSkipTestCase" time="0.003">
    <skipped/>
  </testcase> <!-- sampleSkipTestCase -->
  <system-out/>
  <testcase classname="GKV.SeleniumMaven.sampleTestNG" name="sampleCheckDependsOn" time="0.002"/>
  <system-out/>
  <testcase classname="GKV.SeleniumMaven.sampleTestNG" name="sampleIContext" time="0.002"/>
  <system-out/>
  <testcase classname="GKV.SeleniumMaven.sampleTestNG" name="sampleIContext2" time="0.002"/>
  <system-out/>
  <testcase classname="GKV.SeleniumMaven.sampleTestNG" name="sampleIContext3" time="0.001"/>
  <system-out/>
</testsuite> <!-- GKV.SeleniumMaven.sampleTestNG -->
